TN:
SF:/usr/include/c++/7/bits/ios_base.h
FN:129,_ZStorSt13_Ios_OpenmodeS_
FNDA:51,_ZStorSt13_Ios_OpenmodeS_
FNF:1
FNH:1
DA:129,51
DA:130,51
LF:2
LH:2
end_of_record
SF:/usr/include/c++/7/iostream
DA:74,1
LF:1
LH:1
end_of_record
SF:/usr/include/gtest/gtest-message.h
FN:85,_ZN7testing7MessageD2Ev
FNDA:51,_ZN7testing7MessageD2Ev
FNF:1
FNH:1
DA:85,51
LF:1
LH:1
end_of_record
SF:/usr/include/gtest/gtest-printers.h
FN:222,_ZN16testing_internal26DefaultPrintNonContainerToIiEEvRKT_PSo
FN:275,_ZN7testing8internal19FormatForComparisonIiiE6FormatB5cxx11ERKi
FN:349,_ZN7testing8internal33FormatForComparisonFailureMessageIiiEENSt7__cxx1112basic_stringIcSt11char_traitsIcESaIcEEERKT_RKT0_
FN:436,_ZN7testing8internal14DefaultPrintToIiEEvcNS0_13bool_constantILb0EEERKT_PSo
FN:454,_ZN7testing8internal7PrintToIiEEvRKT_PSo
FN:698,_ZN7testing8internal16UniversalPrinterIiE5PrintERKiPSo
FN:783,_ZN7testing8internal21UniversalTersePrinterIiE5PrintERKiPSo
FN:852,_ZN7testing8internal14UniversalPrintIiEEvRKT_PSo
FN:980,_ZN7testing13PrintToStringIiEENSt7__cxx1112basic_stringIcSt11char_traitsIcESaIcEEERKT_
FNDA:0,_ZN16testing_internal26DefaultPrintNonContainerToIiEEvRKT_PSo
FNDA:0,_ZN7testing8internal19FormatForComparisonIiiE6FormatB5cxx11ERKi
FNDA:0,_ZN7testing8internal33FormatForComparisonFailureMessageIiiEENSt7__cxx1112basic_stringIcSt11char_traitsIcESaIcEEERKT_RKT0_
FNDA:0,_ZN7testing8internal14DefaultPrintToIiEEvcNS0_13bool_constantILb0EEERKT_PSo
FNDA:0,_ZN7testing8internal7PrintToIiEEvRKT_PSo
FNDA:0,_ZN7testing8internal16UniversalPrinterIiE5PrintERKiPSo
FNDA:0,_ZN7testing8internal21UniversalTersePrinterIiE5PrintERKiPSo
FNDA:0,_ZN7testing8internal14UniversalPrintIiEEvRKT_PSo
FNDA:0,_ZN7testing13PrintToStringIiEENSt7__cxx1112basic_stringIcSt11char_traitsIcESaIcEEERKT_
FNF:9
FNH:0
DA:222,0
DA:249,0
DA:250,0
DA:275,0
DA:276,0
DA:349,0
DA:351,0
DA:436,0
DA:439,0
DA:440,0
DA:454,0
DA:477,0
DA:478,0
DA:698,0
DA:707,0
DA:708,0
DA:783,0
DA:784,0
DA:785,0
DA:852,0
DA:856,0
DA:857,0
DA:980,0
DA:981,0
DA:982,0
DA:983,0
LF:26
LH:0
end_of_record
SF:/usr/include/gtest/gtest.h
FN:256,_ZN7testing15AssertionResultD2Ev
FN:288,_ZNK7testing15AssertionResultcvbEv
FN:297,_ZNK7testing15AssertionResult7messageEv
FN:302,_ZNK7testing15AssertionResult15failure_messageEv
FN:389,_ZN7testing4Test13SetUpTestCaseEv
FN:397,_ZN7testing4Test16TearDownTestCaseEv
FN:474,_ZN7testing4Test5SetupEv
FN:1375,_ZN7testing8internal18CmpHelperEQFailureIiiEENS_15AssertionResultEPKcS4_RKT_RKT0_
FN:1387,_ZN7testing8internal11CmpHelperEQIiiEENS_15AssertionResultEPKcS4_RKT_RKT0_
FN:1417,_ZN7testing8internal8EqHelperILb0EE7CompareIiiEENS_15AssertionResultEPKcS6_RKT_RKT0_
FN:2232,_Z13RUN_ALL_TESTSv
FNDA:1,_ZN7testing15AssertionResultD2Ev
FNDA:1,_ZNK7testing15AssertionResultcvbEv
FNDA:0,_ZNK7testing15AssertionResult7messageEv
FNDA:0,_ZNK7testing15AssertionResult15failure_messageEv
FNDA:1,_ZN7testing4Test13SetUpTestCaseEv
FNDA:1,_ZN7testing4Test16TearDownTestCaseEv
FNDA:0,_ZN7testing4Test5SetupEv
FNDA:0,_ZN7testing8internal18CmpHelperEQFailureIiiEENS_15AssertionResultEPKcS4_RKT_RKT0_
FNDA:1,_ZN7testing8internal11CmpHelperEQIiiEENS_15AssertionResultEPKcS4_RKT_RKT0_
FNDA:1,_ZN7testing8internal8EqHelperILb0EE7CompareIiiEENS_15AssertionResultEPKcS6_RKT_RKT0_
FNDA:1,_Z13RUN_ALL_TESTSv
FNF:11
FNH:7
DA:256,1
DA:288,1
DA:297,0
DA:298,0
DA:302,0
DA:389,1
DA:397,1
DA:474,0
DA:1375,0
DA:1382,0
DA:1387,1
DA:1392,1
DA:1393,1
DA:1397,0
DA:1417,1
DA:1421,1
DA:2232,1
DA:2233,1
LF:18
LH:11
end_of_record
SF:/usr/include/gtest/internal/gtest-internal.h
FN:466,_ZN7testing8internal15TestFactoryBaseD2Ev
FN:466,_ZN7testing8internal15TestFactoryBaseD0Ev
FN:473,_ZN7testing8internal15TestFactoryBaseC2Ev
FN:482,_ZN7testing8internal15TestFactoryImplI27GreaterTest_AisGreater_TestED2Ev
FN:482,_ZN7testing8internal15TestFactoryImplI27GreaterTest_AisGreater_TestEC2Ev
FN:482,_ZN7testing8internal15TestFactoryImplI27GreaterTest_AisGreater_TestED0Ev
FN:484,_ZN7testing8internal15TestFactoryImplI27GreaterTest_AisGreater_TestE10CreateTestEv
FN:504,_ZN7testing8internal12CodeLocationD2Ev
FN:505,_ZN7testing8internal12CodeLocationC2ERKNSt7__cxx1112basic_stringIcSt11char_traitsIcESaIcEEEi
FN:940,_ZN7testing8internal15IsContainerTestIiEEcl
FNDA:0,_ZN7testing8internal15TestFactoryBaseD0Ev
FNDA:1,_ZN7testing8internal15TestFactoryBaseD2Ev
FNDA:1,_ZN7testing8internal15TestFactoryBaseC2Ev
FNDA:1,_ZN7testing8internal15TestFactoryImplI27GreaterTest_AisGreater_TestED0Ev
FNDA:1,_ZN7testing8internal15TestFactoryImplI27GreaterTest_AisGreater_TestED2Ev
FNDA:1,_ZN7testing8internal15TestFactoryImplI27GreaterTest_AisGreater_TestEC2Ev
FNDA:1,_ZN7testing8internal15TestFactoryImplI27GreaterTest_AisGreater_TestE10CreateTestEv
FNDA:3,_ZN7testing8internal12CodeLocationD2Ev
FNDA:1,_ZN7testing8internal12CodeLocationC2ERKNSt7__cxx1112basic_stringIcSt11char_traitsIcESaIcEEEi
FNDA:0,_ZN7testing8internal15IsContainerTestIiEEcl
FNF:10
FNH:8
DA:466,1
DA:473,1
DA:482,3
DA:484,1
DA:504,3
DA:505,1
DA:940,0
LF:7
LH:6
end_of_record
SF:/usr/include/gtest/internal/gtest-port.h
FN:1120,_ZN7testing8internal10scoped_ptrINSt7__cxx1112basic_stringIcSt11char_traitsIcESaIcEEEED2Ev
FN:1120,_ZN7testing8internal10scoped_ptrINSt7__cxx1118basic_stringstreamIcSt11char_traitsIcESaIcEEEED2Ev
FN:1123,_ZNK7testing8internal10scoped_ptrINSt7__cxx1112basic_stringIcSt11char_traitsIcESaIcEEEEptEv
FN:1124,_ZNK7testing8internal10scoped_ptrINSt7__cxx1112basic_stringIcSt11char_traitsIcESaIcEEEE3getEv
FN:1132,_ZN7testing8internal10scoped_ptrINSt7__cxx1112basic_stringIcSt11char_traitsIcESaIcEEEE5resetEPS7_
FN:1132,_ZN7testing8internal10scoped_ptrINSt7__cxx1118basic_stringstreamIcSt11char_traitsIcESaIcEEEE5resetEPS7_
FNDA:1,_ZN7testing8internal10scoped_ptrINSt7__cxx1112basic_stringIcSt11char_traitsIcESaIcEEEED2Ev
FNDA:51,_ZN7testing8internal10scoped_ptrINSt7__cxx1118basic_stringstreamIcSt11char_traitsIcESaIcEEEED2Ev
FNDA:0,_ZNK7testing8internal10scoped_ptrINSt7__cxx1112basic_stringIcSt11char_traitsIcESaIcEEEEptEv
FNDA:0,_ZNK7testing8internal10scoped_ptrINSt7__cxx1112basic_stringIcSt11char_traitsIcESaIcEEEE3getEv
FNDA:51,_ZN7testing8internal10scoped_ptrINSt7__cxx1118basic_stringstreamIcSt11char_traitsIcESaIcEEEE5resetEPS7_
FNDA:1,_ZN7testing8internal10scoped_ptrINSt7__cxx1112basic_stringIcSt11char_traitsIcESaIcEEEE5resetEPS7_
FNF:6
FNH:4
DA:1120,52
DA:1123,0
DA:1124,0
DA:1132,52
DA:1133,52
DA:1134,51
DA:1135,51
DA:1137,51
DA:1139,52
LF:9
LH:7
end_of_record
SF:/home/ehc1kor/ehc1kor/repo/learnings/cpp/gcov/greatest_num.hpp
FN:4,_Z13greatest__numRKiS0_S0_
FNDA:1,_Z13greatest__numRKiS0_S0_
FNF:1
FNH:1
DA:4,1
DA:6,1
DA:8,1
DA:11,0
DA:13,0
DA:17,0
LF:6
LH:3
end_of_record
SF:/usr/include/gtest/internal/gtest-internal.h
DA:466,1
DA:473,1
DA:482,3
DA:484,1
DA:504,3
DA:505,1
DA:940,0
LF:7
LH:6
end_of_record
SF:/usr/include/gtest/gtest-message.h
DA:85,51
LF:1
LH:1
end_of_record
SF:/usr/include/gtest/internal/gtest-port.h
DA:1120,52
DA:1123,0
DA:1124,0
DA:1132,52
DA:1133,52
DA:1134,51
DA:1135,51
DA:1137,51
DA:1139,52
LF:9
LH:7
end_of_record
SF:/usr/include/gtest/gtest-printers.h
DA:222,0
DA:249,0
DA:250,0
DA:275,0
DA:276,0
DA:349,0
DA:351,0
DA:436,0
DA:439,0
DA:440,0
DA:454,0
DA:477,0
DA:478,0
DA:698,0
DA:707,0
DA:708,0
DA:783,0
DA:784,0
DA:785,0
DA:852,0
DA:856,0
DA:857,0
DA:980,0
DA:981,0
DA:982,0
DA:983,0
LF:26
LH:0
end_of_record
SF:/usr/include/gtest/gtest.h
DA:256,1
DA:288,1
DA:297,0
DA:298,0
DA:302,0
DA:389,1
DA:397,1
DA:474,0
DA:1375,0
DA:1382,0
DA:1387,1
DA:1392,1
DA:1393,1
DA:1397,0
DA:1417,1
DA:1421,1
DA:2232,1
DA:2233,1
LF:18
LH:11
end_of_record
SF:/usr/include/c++/7/bits/ios_base.h
DA:129,51
DA:130,51
LF:2
LH:2
end_of_record
SF:/usr/include/c++/7/iostream
DA:74,1
LF:1
LH:1
end_of_record
SF:/home/ehc1kor/ehc1kor/repo/learnings/cpp/gcov/main_test.cpp
FN:9,_ZN27GreaterTest_AisGreater_TestD2Ev
FN:9,_ZN27GreaterTest_AisGreater_TestD0Ev
FN:9,_ZN27GreaterTest_AisGreater_TestC2Ev
FN:9,_ZN27GreaterTest_AisGreater_Test8TestBodyEv
FN:14,main
FN:18,_GLOBAL__sub_I__Z13greatest__numRKiS0_S0_
FN:18,_Z41__static_initialization_and_destruction_0ii
FNDA:1,_ZN27GreaterTest_AisGreater_TestD0Ev
FNDA:1,_ZN27GreaterTest_AisGreater_TestD2Ev
FNDA:1,_ZN27GreaterTest_AisGreater_Test8TestBodyEv
FNDA:1,_ZN27GreaterTest_AisGreater_TestC2Ev
FNDA:1,main
FNDA:1,_GLOBAL__sub_I__Z13greatest__numRKiS0_S0_
FNDA:1,_Z41__static_initialization_and_destruction_0ii
FNF:7
FNH:7
DA:9,5
DA:11,1
DA:12,1
DA:14,1
DA:16,1
DA:17,1
DA:18,3
LF:7
LH:7
end_of_record
